This is pdfTeX, Version 3.141592653-2.6-1.40.29 (TeX Live 2026) (preloaded format=pdflatex 2026.5.30)  31 MAY 2026 00:54
entering extended mode
 restricted \write18 enabled.
 file:line:error style messages enabled.
 %&-line parsing enabled.
**/Users/nhannguyen/Documents/ITProject/Trello/reports/src/main.tex
(/Users/nhannguyen/Documents/ITProject/Trello/reports/src/main.tex
LaTeX2e <2025-11-01>
L3 programming layer <2026-01-19>
(/usr/local/texlive/2026/texmf-dist/tex/latex/base/article.cls
Document Class: article 2025/01/22 v1.4n Standard LaTeX document class
(/usr/local/texlive/2026/texmf-dist/tex/latex/base/size12.clo
File: size12.clo 2025/01/22 v1.4n Standard LaTeX file (size option)
)
\c@part=\count275
\c@section=\count276
\c@subsection=\count277
\c@subsubsection=\count278
\c@paragraph=\count279
\c@subparagraph=\count280
\c@figure=\count281
\c@table=\count282
\abovecaptionskip=\skip49
\belowcaptionskip=\skip50
\bibindent=\dimen148
) (/usr/local/texlive/2026/texmf-dist/tex/latex/vntex/vietnam.sty
Package: vietnam 2009/07/12 v1.3 support for Vietnamese
 (/usr/local/texlive/2026/texmf-dist/tex/latex/base/ifthen.sty
Package: ifthen 2024/03/16 v1.1e Standard LaTeX ifthen package (DPC)
) (/usr/local/texlive/2026/texmf-dist/tex/latex/base/fontenc.sty
Package: fontenc 2025/07/18 v2.1d Standard LaTeX package
 (/usr/local/texlive/2026/texmf-dist/tex/latex/vntex/t5enc.def
File: t5enc.def 2006/11/21 v1.4 Vietnamese T5 encoding
Now handling font encoding T5 ...
... processing UTF-8 mapping file for font encoding T5
 (/usr/local/texlive/2026/texmf-dist/tex/latex/vntex/t5enc.dfu
File: t5enc.dfu 2006/08/19 v1.1 UTF8 support for Vietnamese
   defining Unicode char U+00AB (decimal 171)
   defining Unicode char U+00BB (decimal 187)
   defining Unicode char U+00C0 (decimal 192)
   defining Unicode char U+00C1 (decimal 193)
   defining Unicode char U+00C2 (decimal 194)
   defining Unicode char U+00C3 (decimal 195)
   defining Unicode char U+00C8 (decimal 200)
   defining Unicode char U+00C9 (decimal 201)
   defining Unicode char U+00CA (decimal 202)
   defining Unicode char U+00CC (decimal 204)
   defining Unicode char U+00CD (decimal 205)
   defining Unicode char U+00D2 (decimal 210)
   defining Unicode char U+00D3 (decimal 211)
   defining Unicode char U+00D4 (decimal 212)
   defining Unicode char U+00D5 (decimal 213)
   defining Unicode char U+00D9 (decimal 217)
   defining Unicode char U+00DA (decimal 218)
   defining Unicode char U+00DD (decimal 221)
   defining Unicode char U+00E0 (decimal 224)
   defining Unicode char U+00E1 (decimal 225)
   defining Unicode char U+00E2 (decimal 226)
   defining Unicode char U+00E3 (decimal 227)
   defining Unicode char U+00E8 (decimal 232)
   defining Unicode char U+00E9 (decimal 233)
   defining Unicode char U+00EA (decimal 234)
   defining Unicode char U+00EC (decimal 236)
   defining Unicode char U+00ED (decimal 237)
   defining Unicode char U+00F2 (decimal 242)
   defining Unicode char U+00F3 (decimal 243)
   defining Unicode char U+00F4 (decimal 244)
   defining Unicode char U+00F5 (decimal 245)
   defining Unicode char U+00F9 (decimal 249)
   defining Unicode char U+00FA (decimal 250)
   defining Unicode char U+00FD (decimal 253)
   defining Unicode char U+0102 (decimal 258)
   defining Unicode char U+0103 (decimal 259)
   defining Unicode char U+0110 (decimal 272)
   defining Unicode char U+0111 (decimal 273)
   defining Unicode char U+0128 (decimal 296)
   defining Unicode char U+0129 (decimal 297)
   defining Unicode char U+0131 (decimal 305)
   defining Unicode char U+0168 (decimal 360)
   defining Unicode char U+0169 (decimal 361)
   defining Unicode char U+01A0 (decimal 416)
   defining Unicode char U+01A1 (decimal 417)
   defining Unicode char U+01AF (decimal 431)
   defining Unicode char U+01B0 (decimal 432)
   defining Unicode char U+1EA0 (decimal 7840)
   defining Unicode char U+1EA1 (decimal 7841)
   defining Unicode char U+1EA2 (decimal 7842)
   defining Unicode char U+1EA3 (decimal 7843)
   defining Unicode char U+1EA4 (decimal 7844)
   defining Unicode char U+1EA5 (decimal 7845)
   defining Unicode char U+1EA6 (decimal 7846)
   defining Unicode char U+1EA7 (decimal 7847)
   defining Unicode char U+1EA8 (decimal 7848)
   defining Unicode char U+1EA9 (decimal 7849)
   defining Unicode char U+1EAA (decimal 7850)
   defining Unicode char U+1EAB (decimal 7851)
   defining Unicode char U+1EAC (decimal 7852)
   defining Unicode char U+1EAD (decimal 7853)
   defining Unicode char U+1EAE (decimal 7854)
   defining Unicode char U+1EAF (decimal 7855)
   defining Unicode char U+1EB0 (decimal 7856)
   defining Unicode char U+1EB1 (decimal 7857)
   defining Unicode char U+1EB2 (decimal 7858)
   defining Unicode char U+1EB3 (decimal 7859)
   defining Unicode char U+1EB4 (decimal 7860)
   defining Unicode char U+1EB5 (decimal 7861)
   defining Unicode char U+1EB6 (decimal 7862)
   defining Unicode char U+1EB7 (decimal 7863)
   defining Unicode char U+1EB8 (decimal 7864)
   defining Unicode char U+1EB9 (decimal 7865)
   defining Unicode char U+1EBA (decimal 7866)
   defining Unicode char U+1EBB (decimal 7867)
   defining Unicode char U+1EBC (decimal 7868)
   defining Unicode char U+1EBD (decimal 7869)
   defining Unicode char U+1EBE (decimal 7870)
   defining Unicode char U+1EBF (decimal 7871)
   defining Unicode char U+1EC0 (decimal 7872)
   defining Unicode char U+1EC1 (decimal 7873)
   defining Unicode char U+1EC2 (decimal 7874)
   defining Unicode char U+1EC3 (decimal 7875)
   defining Unicode char U+1EC4 (decimal 7876)
   defining Unicode char U+1EC5 (decimal 7877)
   defining Unicode char U+1EC6 (decimal 7878)
   defining Unicode char U+1EC7 (decimal 7879)
   defining Unicode char U+1EC8 (decimal 7880)
   defining Unicode char U+1EC9 (decimal 7881)
   defining Unicode char U+1ECA (decimal 7882)
   defining Unicode char U+1ECB (decimal 7883)
   defining Unicode char U+1ECC (decimal 7884)
   defining Unicode char U+1ECD (decimal 7885)
   defining Unicode char U+1ECE (decimal 7886)
   defining Unicode char U+1ECF (decimal 7887)
   defining Unicode char U+1ED0 (decimal 7888)
   defining Unicode char U+1ED1 (decimal 7889)
   defining Unicode char U+1ED2 (decimal 7890)
   defining Unicode char U+1ED3 (decimal 7891)
   defining Unicode char U+1ED4 (decimal 7892)
   defining Unicode char U+1ED5 (decimal 7893)
   defining Unicode char U+1ED6 (decimal 7894)
   defining Unicode char U+1ED7 (decimal 7895)
   defining Unicode char U+1ED8 (decimal 7896)
   defining Unicode char U+1ED9 (decimal 7897)
   defining Unicode char U+1EDA (decimal 7898)
   defining Unicode char U+1EDB (decimal 7899)
   defining Unicode char U+1EDC (decimal 7900)
   defining Unicode char U+1EDD (decimal 7901)
   defining Unicode char U+1EDE (decimal 7902)
   defining Unicode char U+1EDF (decimal 7903)
   defining Unicode char U+1EE0 (decimal 7904)
   defining Unicode char U+1EE1 (decimal 7905)
   defining Unicode char U+1EE2 (decimal 7906)
   defining Unicode char U+1EE3 (decimal 7907)
   defining Unicode char U+1EE4 (decimal 7908)
   defining Unicode char U+1EE5 (decimal 7909)
   defining Unicode char U+1EE6 (decimal 7910)
   defining Unicode char U+1EE7 (decimal 7911)
   defining Unicode char U+1EE8 (decimal 7912)
   defining Unicode char U+1EE9 (decimal 7913)
   defining Unicode char U+1EEA (decimal 7914)
   defining Unicode char U+1EEB (decimal 7915)
   defining Unicode char U+1EEC (decimal 7916)
   defining Unicode char U+1EED (decimal 7917)
   defining Unicode char U+1EEE (decimal 7918)
   defining Unicode char U+1EEF (decimal 7919)
   defining Unicode char U+1EF0 (decimal 7920)
   defining Unicode char U+1EF1 (decimal 7921)
   defining Unicode char U+1EF2 (decimal 7922)
   defining Unicode char U+1EF3 (decimal 7923)
   defining Unicode char U+1EF4 (decimal 7924)
   defining Unicode char U+1EF5 (decimal 7925)
   defining Unicode char U+1EF6 (decimal 7926)
   defining Unicode char U+1EF7 (decimal 7927)
   defining Unicode char U+1EF8 (decimal 7928)
   defining Unicode char U+1EF9 (decimal 7929)
   defining Unicode char U+200C (decimal 8204)
   defining Unicode char U+2013 (decimal 8211)
   defining Unicode char U+2014 (decimal 8212)
   defining Unicode char U+2018 (decimal 8216)
   defining Unicode char U+2019 (decimal 8217)
   defining Unicode char U+201A (decimal 8218)
   defining Unicode char U+201C (decimal 8220)
   defining Unicode char U+201D (decimal 8221)
   defining Unicode char U+201E (decimal 8222)
   defining Unicode char U+2030 (decimal 8240)
   defining Unicode char U+2031 (decimal 8241)
   defining Unicode char U+2039 (decimal 8249)
   defining Unicode char U+203A (decimal 8250)
   defining Unicode char U+2423 (decimal 9251)
))
LaTeX Font Info:    Trying to load font information for T5+cmr on input line 116.
 (/usr/local/texlive/2026/texmf-dist/tex/latex/vntex/t5cmr.fd
File: t5cmr.fd 1999/05/25 v2.5h Standard LaTeX font definitions
)) (/usr/local/texlive/2026/texmf-dist/tex/latex/base/inputenc.sty
Package: inputenc 2024/02/08 v1.3d Input encoding file
\inpenc@prehook=\toks17
\inpenc@posthook=\toks18
) (/usr/local/texlive/2026/texmf-dist/tex/latex/vntex/vncaps.tex
File: vncaps.tex 2006/06/07 v1.1 Captions in Vietnamese
)) (/usr/local/texlive/2026/texmf-dist/tex/latex/base/fontenc.sty
Package: fontenc 2025/07/18 v2.1d Standard LaTeX package
) (/usr/local/texlive/2026/texmf-dist/tex/latex/graphics/graphicx.sty
Package: graphicx 2024/12/31 v1.2e Enhanced LaTeX Graphics (DPC,SPQR)
 (/usr/local/texlive/2026/texmf-dist/tex/latex/graphics/keyval.sty
Package: keyval 2022/05/29 v1.15 key=value parser (DPC)
\KV@toks@=\toks19
) (/usr/local/texlive/2026/texmf-dist/tex/latex/graphics/graphics.sty
Package: graphics 2024/08/06 v1.4g Standard LaTeX Graphics (DPC,SPQR)
 (/usr/local/texlive/2026/texmf-dist/tex/latex/graphics/trig.sty
Package: trig 2023/12/02 v1.11 sin cos tan (DPC)
) (/usr/local/texlive/2026/texmf-dist/tex/latex/graphics-cfg/graphics.cfg
File: graphics.cfg 2016/06/04 v1.11 sample graphics configuration
)
Package graphics Info: Driver file: pdftex.def on input line 106.
 (/usr/local/texlive/2026/texmf-dist/tex/latex/graphics-def/pdftex.def
File: pdftex.def 2025/09/29 v1.2d Graphics/color driver for pdftex
))
\Gin@req@height=\dimen149
\Gin@req@width=\dimen150
) (/usr/local/texlive/2026/texmf-dist/tex/latex/tools/indentfirst.sty
Package: indentfirst 2023/07/02 v1.03 Indent first paragraph (DPC)
) (/usr/local/texlive/2026/texmf-dist/tex/latex/tools/longtable.sty
Package: longtable 2025-10-13 v4.24 Multi-page Table package (DPC)
\LTleft=\skip51
\LTright=\skip52
\LTpre=\skip53
\LTpost=\skip54
\LTchunksize=\count283
\LTcapwidth=\dimen151
\LT@head=\box53
\LT@firsthead=\box54
\LT@foot=\box55
\LT@lastfoot=\box56
\LT@gbox=\box57
\LT@cols=\count284
\LT@rows=\count285
\c@LT@tables=\count286
\c@LT@chunks=\count287
\LT@p@ftn=\toks20
) (/usr/local/texlive/2026/texmf-dist/tex/latex/tools/tabularx.sty
Package: tabularx 2023/12/11 v2.12a `tabularx' package (DPC)
 (/usr/local/texlive/2026/texmf-dist/tex/latex/tools/array.sty
Package: array 2025/09/25 v2.6n Tabular extension package (FMi)
\col@sep=\dimen152
\ar@mcellbox=\box58
\extrarowheight=\dimen153
\NC@list=\toks21
\extratabsurround=\skip55
\backup@length=\skip56
\ar@cellbox=\box59
)
\TX@col@width=\dimen154
\TX@old@table=\dimen155
\TX@old@col=\dimen156
\TX@target=\dimen157
\TX@delta=\dimen158
\TX@cols=\count288
\TX@ftn=\toks22
) (/usr/local/texlive/2026/texmf-dist/tex/latex/xcolor/xcolor.sty
Package: xcolor 2024/09/29 v3.02 LaTeX color extensions (UK)
 (/usr/local/texlive/2026/texmf-dist/tex/latex/graphics-cfg/color.cfg
File: color.cfg 2016/01/02 v1.6 sample color configuration
)
Package xcolor Info: Driver file: pdftex.def on input line 274.
 (/usr/local/texlive/2026/texmf-dist/tex/latex/graphics/mathcolor.ltx)
Package xcolor Info: Model `cmy' substituted by `cmy0' on input line 1349.
Package xcolor Info: Model `hsb' substituted by `rgb' on input line 1353.
Package xcolor Info: Model `RGB' extended on input line 1365.
Package xcolor Info: Model `HTML' substituted by `rgb' on input line 1367.
Package xcolor Info: Model `Hsb' substituted by `hsb' on input line 1368.
Package xcolor Info: Model `tHsb' substituted by `hsb' on input line 1369.
Package xcolor Info: Model `HSB' substituted by `hsb' on input line 1370.
Package xcolor Info: Model `Gray' substituted by `gray' on input line 1371.
Package xcolor Info: Model `wave' substituted by `hsb' on input line 1372.
) (/usr/local/texlive/2026/texmf-dist/tex/latex/colortbl/colortbl.sty
Package: colortbl 2024/10/29 v1.0k Color table columns (DPC)
\everycr=\toks23
\minrowclearance=\skip57
\rownum=\count289
) (/usr/local/texlive/2026/texmf-dist/tex/latex/float/float.sty
Package: float 2001/11/08 v1.3d Float enhancements (AL)
\c@float@type=\count290
\float@exts=\toks24
\float@box=\box60
\@float@everytoks=\toks25
\@floatcapt=\box61
) (/usr/local/texlive/2026/texmf-dist/tex/latex/l3backend/l3backend-pdftex.def
File: l3backend-pdftex.def 2025-10-09 L3 backend support: PDF output (pdfTeX)
\l__color_backend_stack_int=\count291
) (./main.aux)
\openout1 = `main.aux'.

LaTeX Font Info:    Checking defaults for OML/cmm/m/it on input line 11.
LaTeX Font Info:    ... okay on input line 11.
LaTeX Font Info:    Checking defaults for OMS/cmsy/m/n on input line 11.
LaTeX Font Info:    ... okay on input line 11.
LaTeX Font Info:    Checking defaults for OT1/cmr/m/n on input line 11.
LaTeX Font Info:    ... okay on input line 11.
LaTeX Font Info:    Checking defaults for T1/cmr/m/n on input line 11.
LaTeX Font Info:    ... okay on input line 11.
LaTeX Font Info:    Checking defaults for TS1/cmr/m/n on input line 11.
LaTeX Font Info:    ... okay on input line 11.
LaTeX Font Info:    Checking defaults for OMX/cmex/m/n on input line 11.
LaTeX Font Info:    ... okay on input line 11.
LaTeX Font Info:    Checking defaults for U/cmr/m/n on input line 11.
LaTeX Font Info:    ... okay on input line 11.
LaTeX Font Info:    Checking defaults for T5/cmr/m/n on input line 11.
LaTeX Font Info:    ... okay on input line 11.
 (/usr/local/texlive/2026/texmf-dist/tex/context/base/mkii/supp-pdf.mkii
[Loading MPS to PDF converter (version 2006.09.02).]
\scratchcounter=\count292
\scratchdimen=\dimen159
\scratchbox=\box62
\nofMPsegments=\count293
\nofMParguments=\count294
\everyMPshowfont=\toks26
\MPscratchCnt=\count295
\MPscratchDim=\dimen160
\MPnumerator=\count296
\makeMPintoPDFobject=\count297
\everyMPtoPDFconversion=\toks27
) (/usr/local/texlive/2026/texmf-dist/tex/latex/epstopdf-pkg/epstopdf-base.sty
Package: epstopdf-base 2020-01-24 v2.11 Base part for package epstopdf
Package epstopdf-base Info: Redefining graphics rule for `.eps' on input line 485.
 (/usr/local/texlive/2026/texmf-dist/tex/latex/latexconfig/epstopdf-sys.cfg
File: epstopdf-sys.cfg 2010/07/13 v1.3 Configuration of (r)epstopdf for TeX Live
)) (./cover.tex
<images/base/logo.png, id=1, 354.32375pt x 143.53625pt>
File: images/base/logo.png Graphic file (type png)
<use images/base/logo.png>
Package pdftex.def Info: images/base/logo.png  used on input line 13.
(pdftex.def)             Requested size: 312.00119pt x 126.39331pt.
LaTeX Font Info:    External font `cmex10' loaded for size
(Font)              <12> on input line 20.
LaTeX Font Info:    External font `cmex10' loaded for size
(Font)              <8> on input line 20.
LaTeX Font Info:    External font `cmex10' loaded for size
(Font)              <6> on input line 20.
 [1

{/usr/local/texlive/2026/texmf-var/fonts/map/pdftex/updmap/pdftex.map} <./images/base/logo.png>]) (./main.toc [1

])
\tf@toc=\write3
\openout3 = `main.toc'.

 [2] (./main.lof)
\tf@lof=\write4
\openout4 = `main.lof'.

 [3

] (./main.lot
LaTeX Font Info:    Trying to load font information for T5+cmtt on input line 8.
 (/usr/local/texlive/2026/texmf-dist/tex/latex/vntex/t5cmtt.fd
File: t5cmtt.fd 1999/05/25 v2.5h Standard LaTeX font definitions
))
\tf@lot=\write5
\openout5 = `main.lot'.

 [4

] (./thanks.tex [5


]) (./content.tex [6

{/usr/local/texlive/2026/texmf-dist/fonts/enc/dvips/cm-super/cm-super-ts1.enc}] [7] [8] [9]
<./images/chap2/React.jpg, id=40, 1204.5pt x 677.53125pt>
File: ./images/chap2/React.jpg Graphic file (type jpg)
<use ./images/chap2/React.jpg>
Package pdftex.def Info: ./images/chap2/React.jpg  used on input line 90.
(pdftex.def)             Requested size: 195.0pt x 109.67882pt.
 [10]
<./images/chap2/SpringBoot.jpg, id=44, 803.0pt x 445.665pt>
File: ./images/chap2/SpringBoot.jpg Graphic file (type jpg)
<use ./images/chap2/SpringBoot.jpg>
Package pdftex.def Info: ./images/chap2/SpringBoot.jpg  used on input line 104.
(pdftex.def)             Requested size: 195.0pt x 108.22664pt.
 [11 <./images/chap2/React.jpg>]
<./images/chap2/PostgreSQL.png, id=48, 1284.8pt x 722.7pt>
File: ./images/chap2/PostgreSQL.png Graphic file (type png)
<use ./images/chap2/PostgreSQL.png>
Package pdftex.def Info: ./images/chap2/PostgreSQL.png  used on input line 118.
(pdftex.def)             Requested size: 195.0pt x 109.6795pt.
 [12 <./images/chap2/SpringBoot.jpg>] [13 <./images/chap2/PostgreSQL.png (PNG copy)>] [14] [15] [16]
Underfull \hbox (badness 1117) in paragraph at lines 205--205
[]|\T5/cmr/m/n/12 LĀm mŅi phiČn lĀm
 []


Overfull \hbox (45.93854pt too wide) in paragraph at lines 193--208
 [][] 
 []


Underfull \hbox (badness 10000) in paragraph at lines 222--222
[]|\T5/cmr/m/n/12 Xem danh sĪch
 []


Underfull \hbox (badness 2875) in paragraph at lines 224--225
[]|\T5/cmr/m/n/12 Ng„Ēi d“ng ch┐nh s¹a tČn, mµ tŻ c§a
 []


Underfull \hbox (badness 1158) in paragraph at lines 226--226
[]|\T5/cmr/m/n/12 QuŻn l■ thĀnh viČn
 []


Underfull \hbox (badness 1221) in paragraph at lines 228--229
[]|\T5/cmr/m/n/12 Ng„Ēi d“ng (ch§ s­ h·u) xŌa vŠnh vi╣n
 []


Overfull \hbox (45.93854pt too wide) in paragraph at lines 216--231
 [][] 
 []

[17

]
Underfull \hbox (badness 1158) in paragraph at lines 249--249
[]|\T5/cmr/m/n/12 QuŻn l■ thĀnh viČn
 []


Overfull \hbox (45.93854pt too wide) in paragraph at lines 239--254
 [][] 
 []


Overfull \hbox (45.93854pt too wide) in paragraph at lines 262--273
 [][] 
 []


Underfull \hbox (badness 2111) in paragraph at lines 293--293
[]|\T5/cmr/m/n/12 Hi║n thÓ trżng thĪi
 []


Overfull \hbox (45.93854pt too wide) in paragraph at lines 281--298
 [][] 
 []

[18]
Underfull \hbox (badness 2707) in paragraph at lines 314--314
[]|\T5/cmr/m/n/12 K▓o thŻ List trong
 []


Overfull \hbox (45.93854pt too wide) in paragraph at lines 306--317
 [][] 
 []


Overfull \hbox (45.93854pt too wide) in paragraph at lines 325--338
 [][] 
 []

[19] [20]
Overfull \hbox (76.06145pt too wide) in paragraph at lines 372--373
[]\T5/cmr/m/it/12 Luńng x¹ l■: \T5/cmr/m/n/12 Client nh¬p mó xĪc nh¬n $\OMS/cmsy/m/n/12 !$ \T5/cmr/m/n/12 G¹i POST \T5/cmtt/m/n/12 /api/v1/auth/confirm-sign-up
 []

[21] [22]
Overfull \hbox (0.57272pt too wide) in paragraph at lines 414--415
[]\T5/cmr/m/it/12 Luńng x¹ l■: \T5/cmr/m/n/12 Client g¹i GET \T5/cmtt/m/n/12 /api/v1/workspaces?search={keyword}
 []


Overfull \hbox (6.14497pt too wide) in paragraph at lines 428--429
[]\T5/cmr/m/it/12 ^^^”u vĀo: \T5/cmtt/m/n/12 workspaceId\T5/cmr/m/n/12 , mŻng ID ng„Ēi d“ng (\T5/cmtt/m/n/12 userIds\T5/cmr/m/n/12 ), vai trß (\T5/cmtt/m/n/12 roleId\T5/cmr/m/n/12 )
 []


Overfull \hbox (33.42302pt too wide) in paragraph at lines 430--431
[]\T5/cmr/m/it/12 Luńng x¹ l■: \T5/cmr/m/n/12 Client g¹i POST \T5/cmtt/m/n/12 /api/v1/workspace-members \T5/cmr/m/n/12 vŅi \T5/cmtt/m/n/12 workspaceId
 []

[23]
Overfull \hbox (5.00084pt too wide) in paragraph at lines 462--463
[]\T5/cmr/m/it/12 ^^^”u vĀo: \T5/cmtt/m/n/12 boardId\T5/cmr/m/n/12 , tČn mŅi (\T5/cmtt/m/n/12 name\T5/cmr/m/n/12 ), URL h╝nh nĘn mŅi (\T5/cmtt/m/n/12 backgroundUrl\T5/cmr/m/n/12 ). 
 []

[24] [25] [26]
Overfull \hbox (19.04875pt too wide) in paragraph at lines 556--557
\T5/cmtt/m/n/12 card_member\T5/cmr/m/n/12 . H§y gĪn: Client g¹i DELETE \T5/cmtt/m/n/12 /api/v1/card-members/{id}
 []

[27]
Overfull \hbox (36.26833pt too wide) in paragraph at lines 566--567
\T5/cmr/m/n/12 giao di╗n ngay l¬p t∙c (op-ti-mistic up-date) $\OMS/cmsy/m/n/12 !$ \T5/cmr/m/n/12 G¹i PATCH \T5/cmtt/m/n/12 /api/v1/cards/:id
 []

[28]
Overfull \hbox (16.29807pt too wide) in paragraph at lines 616--617
[]\T5/cmr/m/it/12 Luńng x¹ l■: \T5/cmr/m/n/12 ThČm: POST \T5/cmtt/m/n/12 /api/v1/checklist-items\T5/cmr/m/n/12 . C¬p nh¬t: PATCH
 []


Overfull \hbox (68.77272pt too wide) in paragraph at lines 616--617
\T5/cmtt/m/n/12 /api/v1/checklist-items/{id}\T5/cmr/m/n/12 . XŌa: DELETE \T5/cmtt/m/n/12 /api/v1/checklist-items/{id}
 []

[29] [30]
Overfull \hbox (6.18936pt too wide) in paragraph at lines 641--642
[]\T5/cmr/m/n/12 Mļt \T5/cmr/bx/n/12 List \T5/cmr/m/n/12 ch∙a nhiĘu \T5/cmr/bx/n/12 Card\T5/cmr/m/n/12 ; cĪc Card ^^_„±c sŁp xĖp theo th∙ t³ \T5/cmtt/m/n/12 position\T5/cmr/m/n/12 . 
 []

[31]
Overfull \hbox (1.07063pt too wide) in paragraph at lines 717--717
[]|\T5/cmtt/m/n/12 role_name_enum| 
 []


Underfull \hbox (badness 10000) in paragraph at lines 717--717
[]|\T5/cmr/m/n/12 NOT NULL,
 []


Overfull \hbox (72.56491pt too wide) in paragraph at lines 711--720
 [][] 
 []

[32]
Overfull \hbox (72.56491pt too wide) in paragraph at lines 726--735
 [][] 
 []


Overfull \hbox (0.76651pt too wide) in paragraph at lines 747--747
[]|\T5/cmr/m/n/12 VARCHAR(255)| 
 []


Underfull \hbox (badness 5105) in paragraph at lines 747--748
\T5/cmr/m/n/12 Sales CRM, IT, Ed-u-ca-
 []


Overfull \hbox (72.56491pt too wide) in paragraph at lines 741--750
 [][] 
 []


Overfull \hbox (0.76651pt too wide) in paragraph at lines 764--764
[]|\T5/cmr/m/n/12 VARCHAR(255)| 
 []


Underfull \hbox (badness 10000) in paragraph at lines 764--764
[]|\T5/cmr/m/n/12 NOT NULL,
 []


Overfull \hbox (0.76651pt too wide) in paragraph at lines 766--766
[]|\T5/cmr/m/n/12 VARCHAR(255)| 
 []


Overfull \hbox (0.76651pt too wide) in paragraph at lines 768--768
[]|\T5/cmr/m/n/12 VARCHAR(255)| 
 []


Underfull \hbox (badness 10000) in paragraph at lines 768--768
[]|\T5/cmr/m/n/12 NOT NULL,
 []


Overfull \hbox (0.76651pt too wide) in paragraph at lines 770--770
[]|\T5/cmr/m/n/12 VARCHAR(255)| 
 []


Overfull \hbox (0.76651pt too wide) in paragraph at lines 774--774
[]|\T5/cmr/m/n/12 VARCHAR(255)| 
 []


Overfull \hbox (0.76651pt too wide) in paragraph at lines 776--776
[]|\T5/cmr/m/n/12 VARCHAR(255)| 
 []


Underfull \hbox (badness 1983) in paragraph at lines 778--779
[]|\T5/cmr/m/n/12 ThĒi ^^_i║m xŌa mĘm tĀi
 []


Underfull \hbox (badness 1168) in paragraph at lines 780--780
[]|\T5/cmr/m/n/12 NOT NULL, DE-
 []


Underfull \hbox (badness 1168) in paragraph at lines 782--782
[]|\T5/cmr/m/n/12 NOT NULL, DE-
 []


Underfull \hbox (badness 1264) in paragraph at lines 782--783
[]|\T5/cmr/m/n/12 ThĒi ^^_i║m c¬p nh¬t g”n
 []


Overfull \hbox (72.56491pt too wide) in paragraph at lines 758--785
 [][] 
 []

[33]
Overfull \hbox (0.76651pt too wide) in paragraph at lines 797--797
[]|\T5/cmr/m/n/12 VARCHAR(255)| 
 []


Overfull \hbox (0.76651pt too wide) in paragraph at lines 799--799
[]|\T5/cmr/m/n/12 VARCHAR(255)| 
 []


Overfull \hbox (23.88521pt too wide) in paragraph at lines 801--801
\T5/cmtt/m/n/12 workspace_categories| 
 []


Underfull \hbox (badness 10000) in paragraph at lines 805--805
[]|\T5/cmr/m/n/12 NULL, FK $\OMS/cmsy/m/n/12 !$
 []


Underfull \hbox (badness 1168) in paragraph at lines 807--807
[]|\T5/cmr/m/n/12 NOT NULL, DE-
 []


Underfull \hbox (badness 1168) in paragraph at lines 809--809
[]|\T5/cmr/m/n/12 NOT NULL, DE-
 []


Underfull \hbox (badness 1264) in paragraph at lines 809--810
[]|\T5/cmr/m/n/12 ThĒi ^^_i║m c¬p nh¬t g”n
 []


Overfull \hbox (72.56491pt too wide) in paragraph at lines 791--812
 [][] 
 []

[34]
Underfull \hbox (badness 1168) in paragraph at lines 832--832
[]|\T5/cmr/m/n/12 NOT NULL, DE-
 []


Overfull \hbox (72.56491pt too wide) in paragraph at lines 818--837
 [][] 
 []


Overfull \hbox (0.76651pt too wide) in paragraph at lines 847--847
[]|\T5/cmr/m/n/12 VARCHAR(255)| 
 []


Overfull \hbox (1.07063pt too wide) in paragraph at lines 849--849
[]|\T5/cmtt/m/n/12 background_url| 
 []


Underfull \hbox (badness 10000) in paragraph at lines 855--855
[]|\T5/cmr/m/n/12 NULL, FK $\OMS/cmsy/m/n/12 !$
 []


Underfull \hbox (badness 1168) in paragraph at lines 857--857
[]|\T5/cmr/m/n/12 NOT NULL, DE-
 []


Underfull \hbox (badness 1168) in paragraph at lines 859--859
[]|\T5/cmr/m/n/12 NOT NULL, DE-
 []


Underfull \hbox (badness 1264) in paragraph at lines 859--860
[]|\T5/cmr/m/n/12 ThĒi ^^_i║m c¬p nh¬t g”n
 []


Overfull \hbox (72.56491pt too wide) in paragraph at lines 841--862
 [][] 
 []

[35]
Underfull \hbox (badness 10000) in paragraph at lines 878--879
[]|\T5/cmr/m/n/12 Vai trß trong Board
 []


Underfull \hbox (badness 10000) in paragraph at lines 878--879
\T5/cmr/m/n/12 (AD-MIN, MEM-BER,
 []


Underfull \hbox (badness 1168) in paragraph at lines 882--882
[]|\T5/cmr/m/n/12 NOT NULL, DE-
 []


Overfull \hbox (72.56491pt too wide) in paragraph at lines 868--887
 [][] 
 []


Overfull \hbox (0.76651pt too wide) in paragraph at lines 899--899
[]|\T5/cmr/m/n/12 VARCHAR(255)| 
 []


Underfull \hbox (badness 10000) in paragraph at lines 907--907
[]|\T5/cmr/m/n/12 NULL, FK $\OMS/cmsy/m/n/12 !$
 []


Underfull \hbox (badness 1168) in paragraph at lines 909--909
[]|\T5/cmr/m/n/12 NOT NULL, DE-
 []


Underfull \hbox (badness 1168) in paragraph at lines 911--911
[]|\T5/cmr/m/n/12 NOT NULL, DE-
 []


Underfull \hbox (badness 1264) in paragraph at lines 911--912
[]|\T5/cmr/m/n/12 ThĒi ^^_i║m c¬p nh¬t g”n
 []


Overfull \hbox (72.56491pt too wide) in paragraph at lines 893--914
 [][] 
 []

[36]
Overfull \hbox (0.76651pt too wide) in paragraph at lines 926--926
[]|\T5/cmr/m/n/12 VARCHAR(255)| 
 []


Underfull \hbox (badness 10000) in paragraph at lines 942--942
[]|\T5/cmr/m/n/12 NULL, FK $\OMS/cmsy/m/n/12 !$
 []


Underfull \hbox (badness 1168) in paragraph at lines 944--944
[]|\T5/cmr/m/n/12 NOT NULL, DE-
 []


Underfull \hbox (badness 1168) in paragraph at lines 946--946
[]|\T5/cmr/m/n/12 NOT NULL, DE-
 []


Underfull \hbox (badness 1264) in paragraph at lines 946--947
[]|\T5/cmr/m/n/12 ThĒi ^^_i║m c¬p nh¬t g”n
 []


Overfull \hbox (72.56491pt too wide) in paragraph at lines 920--949
 [][] 
 []

[37]
Underfull \hbox (badness 1168) in paragraph at lines 967--967
[]|\T5/cmr/m/n/12 NOT NULL, DE-
 []


Overfull \hbox (72.56491pt too wide) in paragraph at lines 955--972
 [][] 
 []


Overfull \hbox (0.76651pt too wide) in paragraph at lines 984--984
[]|\T5/cmr/m/n/12 VARCHAR(255)| 
 []


Underfull \hbox (badness 10000) in paragraph at lines 992--992
[]|\T5/cmr/m/n/12 NULL, FK $\OMS/cmsy/m/n/12 !$
 []


Underfull \hbox (badness 1168) in paragraph at lines 994--994
[]|\T5/cmr/m/n/12 NOT NULL, DE-
 []


Underfull \hbox (badness 1168) in paragraph at lines 996--996
[]|\T5/cmr/m/n/12 NOT NULL, DE-
 []


Underfull \hbox (badness 1264) in paragraph at lines 996--997
[]|\T5/cmr/m/n/12 ThĒi ^^_i║m c¬p nh¬t g”n
 []


Overfull \hbox (72.56491pt too wide) in paragraph at lines 978--999
 [][] 
 []

[38]
Overfull \hbox (0.76651pt too wide) in paragraph at lines 1011--1011
[]|\T5/cmr/m/n/12 VARCHAR(255)| 
 []


Underfull \hbox (badness 1199) in paragraph at lines 1011--1012
[]|\T5/cmr/m/n/12 TČn hżng m÷c cµng vi╗c
 []


Underfull \hbox (badness 1168) in paragraph at lines 1015--1015
[]|\T5/cmr/m/n/12 NOT NULL, DE-
 []


Underfull \hbox (badness 10000) in paragraph at lines 1023--1023
[]|\T5/cmr/m/n/12 NULL, FK $\OMS/cmsy/m/n/12 !$
 []


Underfull \hbox (badness 1168) in paragraph at lines 1025--1025
[]|\T5/cmr/m/n/12 NOT NULL, DE-
 []


Underfull \hbox (badness 1168) in paragraph at lines 1027--1027
[]|\T5/cmr/m/n/12 NOT NULL, DE-
 []


Underfull \hbox (badness 1264) in paragraph at lines 1027--1028
[]|\T5/cmr/m/n/12 ThĒi ^^_i║m c¬p nh¬t g”n
 []


Overfull \hbox (72.56491pt too wide) in paragraph at lines 1005--1032
 [][] 
 []

[39] [40] [41]
<./images/chap2/Nello System Architech.png, id=146, 1703.36375pt x 930.47626pt>
File: ./images/chap2/Nello System Architech.png Graphic file (type png)
<use ./images/chap2/Nello System Architech.png>
Package pdftex.def Info: ./images/chap2/Nello System Architech.png  used on input line 1069.
(pdftex.def)             Requested size: 390.0pt x 213.03958pt.
 [42 <./images/chap2/Nello System Architech.png (PNG copy)>]
Underfull \hbox (badness 1117) in paragraph at lines 1098--1098
[]|\T5/cmr/m/n/12 LĀm mŅi phiČn lĀm
 []


Overfull \hbox (45.93854pt too wide) in paragraph at lines 1086--1101
 [][] 
 []


Underfull \hbox (badness 10000) in paragraph at lines 1115--1115
[]|\T5/cmr/m/n/12 Xem danh sĪch
 []


Underfull \hbox (badness 1158) in paragraph at lines 1117--1117
[]|\T5/cmr/m/n/12 QuŻn l■ thĀnh viČn
 []


Overfull \hbox (45.93854pt too wide) in paragraph at lines 1109--1120
 [][] 
 []


Underfull \hbox (badness 1158) in paragraph at lines 1136--1136
[]|\T5/cmr/m/n/12 QuŻn l■ thĀnh viČn
 []


Overfull \hbox (45.93854pt too wide) in paragraph at lines 1128--1139
 [][] 
 []

[43

]
Overfull \hbox (45.93854pt too wide) in paragraph at lines 1147--1158
 [][] 
 []


Underfull \hbox (badness 2111) in paragraph at lines 1178--1178
[]|\T5/cmr/m/n/12 Hi║n thÓ trżng thĪi
 []


Overfull \hbox (45.93854pt too wide) in paragraph at lines 1166--1183
 [][] 
 []


Underfull \hbox (badness 2707) in paragraph at lines 1199--1199
[]|\T5/cmr/m/n/12 K▓o thŻ List trong
 []


Overfull \hbox (45.93854pt too wide) in paragraph at lines 1191--1202
 [][] 
 []

[44]
Overfull \hbox (45.93854pt too wide) in paragraph at lines 1210--1223
 [][] 
 []


Underfull \hbox (badness 2556) in paragraph at lines 1239--1239
[]|\T5/cmr/m/n/12 SĶ nhŌm API end-point hoĀn
 []


Overfull \hbox (33.53854pt too wide) in paragraph at lines 1233--1252
 [][] 
 []

[45]
Overfull \hbox (17.48578pt too wide) in paragraph at lines 1264--1279
 [][] 
 []


Overfull \hbox (17.48578pt too wide) in paragraph at lines 1287--1300
 [][] 
 []


Overfull \hbox (17.48578pt too wide) in paragraph at lines 1308--1317
 [][] 
 []

[46]
Overfull \hbox (17.48578pt too wide) in paragraph at lines 1325--1336
 [][] 
 []


Overfull \hbox (17.48578pt too wide) in paragraph at lines 1344--1353
 [][] 
 []

LaTeX Font Info:    Font shape `T5/cmtt/bx/n' in size <12> not available
(Font)              Font shape `T5/cmtt/m/n' tried instead on input line 1362.
<./images/chap4/screen-signup.png, id=163, 1914.15125pt x 913.4125pt>
File: ./images/chap4/screen-signup.png Graphic file (type png)
<use ./images/chap4/screen-signup.png>
Package pdftex.def Info: ./images/chap4/screen-signup.png  used on input line 1367.
(pdftex.def)             Requested size: 390.0pt x 186.09396pt.
[47]
<./images/chap4/screen-confirm-otp.png, id=168, 1906.12125pt x 908.39375pt>
File: ./images/chap4/screen-confirm-otp.png Graphic file (type png)
<use ./images/chap4/screen-confirm-otp.png>
Package pdftex.def Info: ./images/chap4/screen-confirm-otp.png  used on input line 1377.
(pdftex.def)             Requested size: 390.0pt x 185.86154pt.
<./images/chap4/screen-signin.png, id=169, 1916.15875pt x 910.40125pt>
File: ./images/chap4/screen-signin.png Graphic file (type png)
<use ./images/chap4/screen-signin.png>
Package pdftex.def Info: ./images/chap4/screen-signin.png  used on input line 1387.
(pdftex.def)             Requested size: 390.0pt x 185.28598pt.
 [48 <./images/chap4/screen-signup.png> <./images/chap4/screen-confirm-otp.png>]
<./images/chap4/screen-dashboard.png, id=176, 1916.15875pt x 909.3975pt>
File: ./images/chap4/screen-dashboard.png Graphic file (type png)
<use ./images/chap4/screen-dashboard.png>
Package pdftex.def Info: ./images/chap4/screen-dashboard.png  used on input line 1397.
(pdftex.def)             Requested size: 390.0pt x 185.0817pt.
<./images/chap4/screen-workspace-detail.png, id=177, 1915.155pt x 913.4125pt>
File: ./images/chap4/screen-workspace-detail.png Graphic file (type png)
<use ./images/chap4/screen-workspace-detail.png>
Package pdftex.def Info: ./images/chap4/screen-workspace-detail.png  used on input line 1407.
(pdftex.def)             Requested size: 390.0pt x 185.9964pt.
 [49 <./images/chap4/screen-signin.png> <./images/chap4/screen-dashboard.png>]
<./images/chap4/screen-board-kanban.png, id=184, 1917.1625pt x 907.39pt>
File: ./images/chap4/screen-board-kanban.png Graphic file (type png)
<use ./images/chap4/screen-board-kanban.png>
Package pdftex.def Info: ./images/chap4/screen-board-kanban.png  used on input line 1417.
(pdftex.def)             Requested size: 390.0pt x 184.5762pt.
<./images/chap4/feature-drag-drop.png, id=185, 1927.2pt x 1084.05pt>
File: ./images/chap4/feature-drag-drop.png Graphic file (type png)
<use ./images/chap4/feature-drag-drop.png>
Package pdftex.def Info: ./images/chap4/feature-drag-drop.png  used on input line 1429.
(pdftex.def)             Requested size: 390.0pt x 219.37006pt.
 [50 <./images/chap4/screen-workspace-detail.png> <./images/chap4/screen-board-kanban.png>]
<./images/chap4/feature-card-detail.png, id=191, 1656.1875pt x 902.37125pt>
File: ./images/chap4/feature-card-detail.png Graphic file (type png)
<use ./images/chap4/feature-card-detail.png>
Package pdftex.def Info: ./images/chap4/feature-card-detail.png  used on input line 1437.
(pdftex.def)             Requested size: 390.0pt x 212.48412pt.
 [51 <./images/chap4/feature-drag-drop.png> <./images/chap4/feature-card-detail.png>] [52] [53]
Overfull \hbox (24.82755pt too wide) in paragraph at lines 1471--1471
[]\T5/cmr/bx/n/17.28 CHū╠NG 5: KśT LUŖN VĆ Hū╬NG PHüT
 []

[54

]
Overfull \hbox (33.53854pt too wide) in paragraph at lines 1504--1523
 [][] 
 []

[55]
Underfull \hbox (badness 4036) in paragraph at lines 1549--1549
[]|\T5/cmr/m/n/12 QuŻn l■ nhón dĪn
 []


Underfull \hbox (badness 3919) in paragraph at lines 1555--1555
[]|\T5/cmr/m/n/12 Xem lÓch (Cal-en-dar
 []


Underfull \hbox (badness 4132) in paragraph at lines 1559--1559
[]|\T5/cmr/m/n/12 ^^^ńng bļ thĒi gian
 []


Overfull \hbox (33.53856pt too wide) in paragraph at lines 1545--1562
 [][] 
 []

[56] [57]) (./references.tex
Underfull \hbox (badness 10000) in paragraph at lines 4--5
[]\T5/cmr/m/n/12 Amazon Web Ser-vices. \T5/cmr/m/it/12 Ama-zon Cog-
 []


Underfull \hbox (badness 10000) in paragraph at lines 4--5
\T5/cmr/m/it/12 nito De-vel-oper Guide\T5/cmr/m/n/12 . 2024. Truy c¬p tżi:
 []


Underfull \hbox (badness 10000) in paragraph at lines 4--5
\T5/cmtt/m/n/12 https://docs.aws.amazon.com/cognito/latest/developerguide\T5/cmr/m/n/12 .
 []

[58]
Underfull \hbox (badness 10000) in paragraph at lines 7--8
[]\T5/cmr/m/n/12 Amazon Web Ser-vices. \T5/cmr/m/it/12 Ama-zon EC2 User
 []


Underfull \hbox (badness 10000) in paragraph at lines 7--8
\T5/cmr/m/it/12 Guide for Linux In-stances\T5/cmr/m/n/12 . 2024. Truy c¬p tżi:
 []


Underfull \hbox (badness 10000) in paragraph at lines 7--8
\T5/cmtt/m/n/12 https://docs.aws.amazon.com/AWSEC2/latest/UserGuide\T5/cmr/m/n/12 . NgĀy
 []


Underfull \hbox (badness 1715) in paragraph at lines 13--14
\T5/cmtt/m/n/12 https://docs.aws.amazon.com/AmazonS3/latest/userguide\T5/cmr/m/n/12 . NgĀy
 []


Underfull \hbox (badness 10000) in paragraph at lines 16--17
[]\T5/cmr/m/n/12 Amazon Web Ser-vices. \T5/cmr/m/it/12 Ama-zon Cloud-
 []


Underfull \hbox (badness 10000) in paragraph at lines 16--17
\T5/cmr/m/it/12 Front De-vel-oper Guide\T5/cmr/m/n/12 . 2024. Truy c¬p tżi:
 []


Overfull \hbox (44.8618pt too wide) in paragraph at lines 16--17
\T5/cmtt/m/n/12 https://docs.aws.amazon.com/AmazonCloudFront/latest/DeveloperGuide\T5/cmr/m/n/12 .
 []


Underfull \hbox (badness 10000) in paragraph at lines 19--20
[]\T5/cmr/m/n/12 Amazon Web Ser-vices. \T5/cmr/m/it/12 User Guide for Ap-
 []


Underfull \hbox (badness 10000) in paragraph at lines 19--20
\T5/cmr/m/it/12 pli-ca-tion Load Bal-ancers\T5/cmr/m/n/12 . 2024. Truy c¬p tżi:
 []


Overfull \hbox (51.0353pt too wide) in paragraph at lines 19--20
\T5/cmtt/m/n/12 https://docs.aws.amazon.com/elasticloadbalancing/latest/application\T5/cmr/m/n/12 .
 []


Underfull \hbox (badness 1668) in paragraph at lines 25--26
\T5/cmr/m/n/12 2024. Truy c¬p tżi: \T5/cmtt/m/n/12 https://www.atlassian.com/software/jira\T5/cmr/m/n/12 .
 []

) (./appendix.tex [59]
Overfull \hbox (95.16985pt too wide) in alignment at lines 12--17
 [] [] [] [] 
 []


Overfull \hbox (95.16985pt too wide) in alignment at lines 17--22
 [] [] [] [] 
 []


Overfull \hbox (95.16985pt too wide) in alignment at lines 22--25
 [] [] [] [] 
 []


Overfull \hbox (95.16985pt too wide) in alignment at lines 25--29
 [] [] [] [] 
 []


Underfull \hbox (badness 4013) in paragraph at lines 53--54
[]|\T5/cmr/m/n/12 L¦y danh sĪch board
 []


Underfull \hbox (badness 3826) in paragraph at lines 55--56
[]|\T5/cmr/m/n/12 L¦y danh sĪch thĀnh
 []


Underfull \hbox (badness 10000) in paragraph at lines 58--59
[]|\T5/cmr/m/n/12 MĒi thĀnh viČn vĀo
 []


Underfull \hbox (badness 10000) in paragraph at lines 61--62
[]|\T5/cmr/m/n/12 Tżo board trong
 []


Underfull \hbox (badness 2753) in paragraph at lines 70--71
[]|\T5/cmr/m/n/12 ThČm thĀnh viČn vĀo
 []


Underfull \hbox (badness 3407) in paragraph at lines 72--73
[]|\T5/cmr/m/n/12 T╝m kiĖm thĀnh viČn
 []


Underfull \hbox (badness 3333) in paragraph at lines 79--80
[]|\T5/cmr/m/n/12 XŌa list (cas-cade xŌa
 []


Underfull \hbox (badness 3690) in paragraph at lines 99--100
[]|\T5/cmr/m/n/12 XŌa check-list (cas-cade
 []


Underfull \hbox (badness 10000) in paragraph at lines 118--119
[]|\T5/cmr/m/n/12 L¦y 8 danh m÷c
 []


Underfull \hbox (badness 10000) in paragraph at lines 120--121
\T5/cmr/m/n/12 (AD-MIN, MEM-BER,
 []


Overfull \hbox (95.16985pt too wide) in alignment at lines 29--122
 [] [] [] [] 
 []


ignored: Infinite glue shrinkage found in box being split [60

] [61] [62

]
Underfull \hbox (badness 1946) in paragraph at lines 261--261
[]|\T5/cmr/m/n/12 FK $\OMS/cmsy/m/n/12 !$ \T5/cmr/m/n/12 workspaces(id) ON DELETE
 []


Underfull \hbox (badness 1259) in paragraph at lines 261--261
[]|\T5/cmr/m/n/12 FK $\OMS/cmsy/m/n/12 !$ \T5/cmr/m/n/12 roles(id) ON DELETE CAS-
 []


Underfull \hbox (badness 1762) in paragraph at lines 261--261
[]|\T5/cmr/m/n/12 FK $\OMS/cmsy/m/n/12 !$ \T5/cmr/m/n/12 users(id) ON DELETE SET
 []

[63]
Underfull \hbox (badness 10000) in paragraph at lines 288--288
[]|\T5/cmr/m/n/12 FK $\OMS/cmsy/m/n/12 !$ \T5/cmr/m/n/12 workspaces(id) \T5/cmr/bx/n/12 ON
 []

[64]
Underfull \hbox (badness 4660) in paragraph at lines 340--340
[]|\T5/cmr/m/n/12 FK $\OMS/cmsy/m/n/12 !$ \T5/cmr/m/n/12 boards(id) \T5/cmr/bx/n/12 ON DELETE
 []

[65] [66] [67] [68

] [69] [70]) (./main.aux)
 ***********
LaTeX2e <2025-11-01>
L3 programming layer <2026-01-19>
 ***********
 ) 
Here is how much of TeX's memory you used:
 3269 strings out of 467525
 51157 string characters out of 5418982
 496201 words of memory out of 5000000
 32130 multiletter control sequences out of 15000+600000
 638768 words of font info for 59 fonts, out of 8000000 for 9000
 1141 hyphenation exceptions out of 8191
 57i,12n,83p,1061b,332s stack positions out of 10000i,1000n,20000p,200000b,200000s
</usr/local/texlive/2026/texmf-dist/fonts/type1/public/amsfonts/cm/cmsy10.pfb></usr/local/texlive/2026/texmf-dist/fonts/type1/public/cm-super/sfrm1200.pfb></usr/local/texlive/2026/texmf-dist/fonts/type1/vntex/vnr/vnbx12.pfb></usr/local/texlive/2026/texmf-dist/fonts/type1/vntex/vnr/vnr12.pfb></usr/local/texlive/2026/texmf-dist/fonts/type1/vntex/vnr/vnti12.pfb></usr/local/texlive/2026/texmf-dist/fonts/type1/vntex/vnr/vntt12.pfb>
Output written on main.pdf (71 pages, 18034432 bytes).
PDF statistics:
 287 PDF objects out of 1000 (max. 8388607)
 178 compressed objects within 2 object streams
 0 named destinations out of 1000 (max. 500000)
 66 words of extra memory for PDF output out of 10000 (max. 10000000)

